#
# There is insufficient memory for the Java Runtime Environment to continue.
# Native memory allocation (malloc) failed to allocate 1048576 bytes for AllocateHeap
# Possible reasons:
#   The system is out of physical RAM or swap space
#   In 32 bit mode, the process size limit was hit
# Possible solutions:
#   Reduce memory load on the system
#   Increase physical memory or swap space
#   Check if swap backing store is full
#   Use 64 bit Java on a 64 bit OS
#   Decrease Java heap size (-Xmx/-Xms)
#   Decrease number of Java threads
#   Decrease Java thread stack sizes (-Xss)
#   Set larger code cache with -XX:ReservedCodeCacheSize=
# This output file may be truncated or incomplete.
#
#  Out of Memory Error (memory/allocation.inline.hpp:61), pid=4460, tid=0x0000000000001a30
#
# JRE version:  (8.0_101-b13) (build )
# Java VM: Java HotSpot(TM) 64-Bit Server VM (25.101-b13 mixed mode windows-amd64 compressed oops)
# Failed to write core dump. Minidumps are not enabled by default on client versions of Windows
#

---------------  T H R E A D  ---------------

Current thread (0x00000000008ce000):  JavaThread "Unknown thread" [_thread_in_vm, id=6704, stack(0x0000000002390000,0x0000000002490000)]

Stack: [0x0000000002390000,0x0000000002490000]
[error occurred during error reporting (printing stack bounds), id 0xc0000005]

Native frames: (J=compiled Java code, j=interpreted, Vv=VM code, C=native code)


---------------  P R O C E S S  ---------------

Java Threads: ( => current thread )

Other Threads:

=>0x00000000008ce000 (exited) JavaThread "Unknown thread" [_thread_in_vm, id=6704, stack(0x0000000002390000,0x0000000002490000)]

VM state:not at safepoint (normal execution)

VM Mutex/Monitor currently owned by a thread: None

Heap:
 PSYoungGen      total 38400K, used 665K [0x00000000eab00000, 0x00000000ed580000, 0x0000000100000000)
  eden space 33280K, 2% used [0x00000000eab00000,0x00000000eaba6670,0x00000000ecb80000)
  from space 5120K, 0% used [0x00000000ed080000,0x00000000ed080000,0x00000000ed580000)
  to   space 5120K, 0% used [0x00000000ecb80000,0x00000000ecb80000,0x00000000ed080000)
 ParOldGen       total 87552K, used 0K [0x00000000c0000000, 0x00000000c5580000, 0x00000000eab00000)
  object space 87552K, 0% used [0x00000000c0000000,0x00000000c0000000,0x00000000c5580000)
 Metaspace       used 769K, capacity 4480K, committed 4480K, reserved 1056768K
  class space    used 75K, capacity 384K, committed 384K, reserved 1048576K

Card table byte_map: [0x0000000011950000,0x0000000011b60000] byte_map_base: 0x0000000011350000

Marking Bits: (ParMarkBitMap*) 0x0000000069e4a6d0
 Begin Bits: [0x00000000120c0000, 0x00000000130c0000)
 End Bits:   [0x00000000130c0000, 0x00000000140c0000)

Polling page: 0x00000000008b0000

CodeCache: size=245760Kb used=328Kb max_used=328Kb free=245431Kb
 bounds [0x0000000002590000, 0x0000000002800000, 0x0000000011590000]
 total_blobs=58 nmethods=0 adapters=38
 compilation: enabled

Compilation events (0 events):
No events

GC Heap History (0 events):
No events

Deoptimization events (0 events):
No events

Internal exceptions (0 events):
No events

Events (10 events):
Event: 0.032 loading class java/lang/Short
Event: 0.032 loading class java/lang/Short done
Event: 0.032 loading class java/lang/Integer
Event: 0.032 loading class java/lang/Integer done
Event: 0.032 loading class java/lang/Long
Event: 0.032 loading class java/lang/Long done
Event: 0.034 loading class java/lang/NullPointerException
Event: 0.034 loading class java/lang/NullPointerException done
Event: 0.034 loading class java/lang/ArithmeticException
Event: 0.034 loading class java/lang/ArithmeticException done


Dynamic libraries:
0x00007ff6fef60000 - 0x00007ff6fef97000 	C:\Program Files\Java\jdk1.8.0_101\bin\java.exe
0x00007ffdbab20000 - 0x00007ffdbacf1000 	C:\WINDOWS\SYSTEM32\ntdll.dll
0x00007ffdb8860000 - 0x00007ffdb890b000 	C:\WINDOWS\System32\KERNEL32.DLL
0x00007ffdb7370000 - 0x00007ffdb758d000 	C:\WINDOWS\System32\KERNELBASE.dll
0x00007ffdba790000 - 0x00007ffdba832000 	C:\WINDOWS\System32\ADVAPI32.dll
0x00007ffdb8d40000 - 0x00007ffdb8dde000 	C:\WINDOWS\System32\msvcrt.dll
0x00007ffdb8800000 - 0x00007ffdb8859000 	C:\WINDOWS\System32\sechost.dll
0x00007ffdb8600000 - 0x00007ffdb8721000 	C:\WINDOWS\System32\RPCRT4.dll
0x00007ffdba9b0000 - 0x00007ffdbab15000 	C:\WINDOWS\System32\USER32.dll
0x00007ffdb7010000 - 0x00007ffdb702e000 	C:\WINDOWS\System32\win32u.dll
0x00007ffdb8ca0000 - 0x00007ffdb8cd4000 	C:\WINDOWS\System32\GDI32.dll
0x00007ffdb7030000 - 0x00007ffdb71b2000 	C:\WINDOWS\System32\gdi32full.dll
0x00007ffdac360000 - 0x00007ffdac5da000 	C:\WINDOWS\WinSxS\amd64_microsoft.windows.common-controls_6595b64144ccf1df_6.0.14393.351_none_4213128bc687e6d3\COMCTL32.dll
0x00007ffdb8330000 - 0x00007ffdb85f7000 	C:\WINDOWS\System32\combase.dll
0x00007ffdb77d0000 - 0x00007ffdb78c5000 	C:\WINDOWS\System32\ucrtbase.dll
0x00007ffdb7760000 - 0x00007ffdb77ca000 	C:\WINDOWS\System32\bcryptPrimitives.dll
0x00007ffdb87d0000 - 0x00007ffdb87fe000 	C:\WINDOWS\System32\IMM32.DLL
0x0000000069ed0000 - 0x0000000069fa2000 	C:\Program Files\Java\jdk1.8.0_101\jre\bin\msvcr100.dll
0x0000000069630000 - 0x0000000069eca000 	C:\Program Files\Java\jdk1.8.0_101\jre\bin\server\jvm.dll
0x00007ffdb80b0000 - 0x00007ffdb80b8000 	C:\WINDOWS\System32\PSAPI.DLL
0x00007ffda1a10000 - 0x00007ffda1a19000 	C:\WINDOWS\SYSTEM32\WSOCK32.dll
0x00007ffdba720000 - 0x00007ffdba78a000 	C:\WINDOWS\System32\WS2_32.dll
0x00007ffdb5300000 - 0x00007ffdb5323000 	C:\WINDOWS\SYSTEM32\WINMM.dll
0x00007ffdb6030000 - 0x00007ffdb603a000 	C:\WINDOWS\SYSTEM32\VERSION.dll
0x00007ffdb52a0000 - 0x00007ffdb52cb000 	C:\WINDOWS\SYSTEM32\WINMMBASE.dll
0x00007ffdb78d0000 - 0x00007ffdb7912000 	C:\WINDOWS\System32\cfgmgr32.dll
0x0000000069620000 - 0x000000006962f000 	C:\Program Files\Java\jdk1.8.0_101\jre\bin\verify.dll
0x00000000695f0000 - 0x0000000069619000 	C:\Program Files\Java\jdk1.8.0_101\jre\bin\java.dll
0x00000000695d0000 - 0x00000000695e6000 	C:\Program Files\Java\jdk1.8.0_101\jre\bin\zip.dll

VM Arguments:
jvm_args: -Djava.awt.headless=true -Xmx1024M -Dfile.encoding=windows-1255 -Duser.country=US -Duser.language=en -Duser.variant 
java_command: com.android.dx.command.Main --dex --force-jumbo --num-threads=4 --multi-dex --output C:\Users\User\AndroidStudioProjects\Ex7\app\build\intermediates\transforms\dex\debug\folders\1000\10\com.android.support-animated-vector-drawable-24.2.0_9d68bb1c3011dfebe46b0c56060dfd9b25283cbd C:\Users\User\AndroidStudioProjects\Ex7\app\build\intermediates\exploded-aar\com.android.support\animated-vector-drawable\24.2.0\jars\classes.jar
java_class_path (initial): C:\Users\User\AppData\Local\Android\sdk\build-tools\24.0.2\lib\dx.jar
Launcher Type: SUN_STANDARD

Environment Variables:
JAVA_HOME=C:\Program Files\Java\jdk1.8.0_65
USERNAME=User
OS=Windows_NT
PROCESSOR_IDENTIFIER=Intel64 Family 6 Model 61 Stepping 4, GenuineIntel



---------------  S Y S T E M  ---------------

OS: Windows 10.0 , 64 bit Build 14393 (10.0.14393.0)

CPU:total 4 (2 cores per cpu, 2 threads per core) family 6 model 61 stepping 4, cmov, cx8, fxsr, mmx, sse, sse2, sse3, ssse3, sse4.1, sse4.2, popcnt, avx, avx2, aes, clmul, erms, 3dnowpref, lzcnt, ht, tsc, tscinvbit, bmi1, bmi2, adx

Memory: 4k page, physical 8277080k(1042920k free), swap 8277080k(5488k free)

vm_info: Java HotSpot(TM) 64-Bit Server VM (25.101-b13) for windows-amd64 JRE (1.8.0_101-b13), built on Jun 22 2016 01:21:29 by "java_re" with MS VC++ 10.0 (VS2010)

time: Tue Nov 01 17:17:20 2016
elapsed time: 0 seconds (0d 0h 0m 0s)

