#
# There is insufficient memory for the Java Runtime Environment to continue.
# Native memory allocation (malloc) failed to allocate 164656 bytes for Chunk::new
# Possible reasons:
#   The system is out of physical RAM or swap space
#   In 32 bit mode, the process size limit was hit
# Possible solutions:
#   Reduce memory load on the system
#   Increase physical memory or swap space
#   Check if swap backing store is full
#   Use 64 bit Java on a 64 bit OS
#   Decrease Java heap size (-Xmx/-Xms)
#   Decrease number of Java threads
#   Decrease Java thread stack sizes (-Xss)
#   Set larger code cache with -XX:ReservedCodeCacheSize=
# This output file may be truncated or incomplete.
#
#  Out of Memory Error (allocation.cpp:390), pid=1272, tid=0x000000000000167c
#
# JRE version: Java(TM) SE Runtime Environment (8.0_101-b13) (build 1.8.0_101-b13)
# Java VM: Java HotSpot(TM) 64-Bit Server VM (25.101-b13 mixed mode windows-amd64 compressed oops)
# Failed to write core dump. Minidumps are not enabled by default on client versions of Windows
#

---------------  T H R E A D  ---------------

Current thread (0x0000000015768000):  JavaThread "C2 CompilerThread0" daemon [_thread_in_native, id=5756, stack(0x0000000016cb0000,0x0000000016db0000)]

Stack: [0x0000000016cb0000,0x0000000016db0000]
[error occurred during error reporting (printing stack bounds), id 0xc0000005]

Native frames: (J=compiled Java code, j=interpreted, Vv=VM code, C=native code)


Current CompileTask:
C2:   1511  885       4       com.android.dx.ssa.back.LivenessAnalyzer::handleTailRecursion (94 bytes)


---------------  P R O C E S S  ---------------

Java Threads: ( => current thread )
  0x0000000017133000 JavaThread "pool-2-thread-4" [_thread_in_Java, id=2356, stack(0x00000000181b0000,0x00000000182b0000)]
  0x0000000017132000 JavaThread "pool-2-thread-3" [_thread_in_Java, id=2632, stack(0x00000000180b0000,0x00000000181b0000)]
  0x0000000017095000 JavaThread "pool-2-thread-2" [_thread_in_Java, id=3068, stack(0x0000000017fb0000,0x00000000180b0000)]
  0x0000000017094000 JavaThread "pool-3-thread-1" [_thread_blocked, id=5376, stack(0x0000000017eb0000,0x0000000017fb0000)]
  0x0000000017093800 JavaThread "pool-2-thread-1" [_thread_in_Java, id=3936, stack(0x0000000017db0000,0x0000000017eb0000)]
  0x0000000016e0b800 JavaThread "Service Thread" daemon [_thread_blocked, id=8884, stack(0x00000000173b0000,0x00000000174b0000)]
  0x0000000016dfd000 JavaThread "C1 CompilerThread2" daemon [_thread_blocked, id=9480, stack(0x00000000172b0000,0x00000000173b0000)]
  0x00000000157be800 JavaThread "C2 CompilerThread1" daemon [_thread_in_native, id=10072, stack(0x00000000171b0000,0x00000000172b0000)]
=>0x0000000015768000 JavaThread "C2 CompilerThread0" daemon [_thread_in_native, id=5756, stack(0x0000000016cb0000,0x0000000016db0000)]
  0x0000000015765000 JavaThread "Attach Listener" daemon [_thread_blocked, id=4860, stack(0x0000000016bb0000,0x0000000016cb0000)]
  0x00000000157b3000 JavaThread "Signal Dispatcher" daemon [_thread_blocked, id=4896, stack(0x0000000016ab0000,0x0000000016bb0000)]
  0x000000001574a000 JavaThread "Finalizer" daemon [_thread_blocked, id=10084, stack(0x00000000169b0000,0x0000000016ab0000)]
  0x0000000015728800 JavaThread "Reference Handler" daemon [_thread_blocked, id=184, stack(0x00000000168b0000,0x00000000169b0000)]
  0x0000000002f8e000 JavaThread "main" [_thread_in_Java, id=7864, stack(0x0000000002d90000,0x0000000002e90000)]

Other Threads:
  0x0000000015727000 VMThread [stack: 0x00000000167b0000,0x00000000168b0000] [id=8900]
  0x0000000016e70000 WatcherThread [stack: 0x00000000174b0000,0x00000000175b0000] [id=6288]

VM state:not at safepoint (normal execution)

VM Mutex/Monitor currently owned by a thread: None

Heap:
 PSYoungGen      total 38400K, used 26665K [0x00000000eab00000, 0x00000000ed580000, 0x0000000100000000)
  eden space 33280K, 80% used [0x00000000eab00000,0x00000000ec50a688,0x00000000ecb80000)
  from space 5120K, 0% used [0x00000000ed080000,0x00000000ed080000,0x00000000ed580000)
  to   space 5120K, 0% used [0x00000000ecb80000,0x00000000ecb80000,0x00000000ed080000)
 ParOldGen       total 87552K, used 0K [0x00000000c0000000, 0x00000000c5580000, 0x00000000eab00000)
  object space 87552K, 0% used [0x00000000c0000000,0x00000000c0000000,0x00000000c5580000)
 Metaspace       used 5875K, capacity 6772K, committed 7040K, reserved 1056768K
  class space    used 605K, capacity 620K, committed 640K, reserved 1048576K

Card table byte_map: [0x0000000012450000,0x0000000012660000] byte_map_base: 0x0000000011e50000

Marking Bits: (ParMarkBitMap*) 0x0000000069e4a6d0
 Begin Bits: [0x0000000012bc0000, 0x0000000013bc0000)
 End Bits:   [0x0000000013bc0000, 0x0000000014bc0000)

Polling page: 0x0000000001590000

CodeCache: size=245760Kb used=3435Kb max_used=3448Kb free=242324Kb
 bounds [0x0000000003090000, 0x0000000003400000, 0x0000000012090000]
 total_blobs=1180 nmethods=911 adapters=182
 compilation: enabled

Compilation events (10 events):
Event: 1.484 Thread 0x0000000016dfd000  850       1       com.android.dx.ssa.PhiInsn::getOriginalRopInsn (2 bytes)
Event: 1.484 Thread 0x0000000016dfd000 nmethod 850 0x00000000033e9250 code [0x00000000033e93a0, 0x00000000033e94b0]
Event: 1.484 Thread 0x0000000016dfd000  853       1       java.util.HashMap$Node::getValue (5 bytes)
Event: 1.484 Thread 0x0000000016dfd000 nmethod 853 0x00000000033eaa10 code [0x00000000033eab60, 0x00000000033eac70]
Event: 1.484 Thread 0x0000000016dfd000  854       1       java.lang.Integer::intValue (5 bytes)
Event: 1.484 Thread 0x0000000016dfd000 nmethod 854 0x00000000033eacd0 code [0x00000000033eae20, 0x00000000033eaf30]
Event: 1.484 Thread 0x00000000157be800 nmethod 905 0x00000000033ecd90 code [0x00000000033ecf00, 0x00000000033ed5d8]
Event: 1.484 Thread 0x00000000157be800  907       4       com.android.dx.ssa.RegisterMapper::map (63 bytes)
Event: 1.503 Thread 0x00000000157be800 nmethod 907 0x00000000033eb250 code [0x00000000033eb400, 0x00000000033ebe78]
Event: 1.503 Thread 0x00000000157be800  906       4       java.util.Arrays::equals (78 bytes)

GC Heap History (0 events):
No events

Deoptimization events (7 events):
Event: 1.226 Thread 0x0000000017093800 Uncommon trap: reason=unstable_if action=reinterpret pc=0x00000000032a1d80 method=java.util.HashMap.getNode(ILjava/lang/Object;)Ljava/util/HashMap$Node; @ 62
Event: 1.410 Thread 0x0000000017133000 Uncommon trap: reason=class_check action=maybe_recompile pc=0x00000000033796e8 method=com.android.dx.rop.type.Type.equals(Ljava/lang/Object;)Z @ 8
Event: 1.416 Thread 0x0000000017132000 Uncommon trap: reason=class_check action=maybe_recompile pc=0x00000000033796e8 method=com.android.dx.rop.type.Type.equals(Ljava/lang/Object;)Z @ 8
Event: 1.418 Thread 0x0000000017133000 Uncommon trap: reason=class_check action=maybe_recompile pc=0x00000000033796e8 method=com.android.dx.rop.type.Type.equals(Ljava/lang/Object;)Z @ 8
Event: 1.418 Thread 0x0000000017133000 Uncommon trap: reason=class_check action=maybe_recompile pc=0x00000000033796e8 method=com.android.dx.rop.type.Type.equals(Ljava/lang/Object;)Z @ 8
Event: 1.431 Thread 0x0000000017095000 Uncommon trap: reason=bimorphic action=maybe_recompile pc=0x00000000032dc618 method=java.util.HashMap.getNode(ILjava/lang/Object;)Ljava/util/HashMap$Node; @ 126
Event: 1.477 Thread 0x0000000017093800 Uncommon trap: reason=unstable_if action=reinterpret pc=0x00000000033b552c method=com.android.dx.rop.code.RegisterSpecSet.put(Lcom/android/dx/rop/code/RegisterSpec;)V @ 77

Internal exceptions (2 events):
Event: 0.120 Thread 0x0000000002f8e000 Exception <a 'java/lang/NoSuchMethodError': Method sun.misc.Unsafe.defineClass(Ljava/lang/String;[BII)Ljava/lang/Class; name or signature does not match> (0x00000000eab07cc0) thrown at [C:\re\workspace\8-2-build-windows-amd64-cygwin\jdk8u101\7261\hotspot\s’ ×ñŸ¾?
Event: 0.120 Thread 0x0000000002f8e000 Exception <a 'java/lang/NoSuchMethodError': Method sun.misc.Unsafe.prefetchRead(Ljava/lang/Object;J)V name or signature does not match> (0x00000000eab07fa8) thrown at [C:\re\workspace\8-2-build-windows-amd64-cygwin\jdk8u101\7261\hotspot\src\share\vm\prims\

Events (10 events):
Event: 1.431 Thread 0x0000000017095000 Uncommon trap: trap_request=0xffffffc6 fr.pc=0x00000000032dc618
Event: 1.431 Thread 0x0000000017095000 DEOPT PACKING pc=0x00000000032dc618 sp=0x00000000180aefa0
Event: 1.431 Thread 0x0000000017095000 DEOPT UNPACKING pc=0x00000000030d582a sp=0x00000000180aeec8 mode 2
Event: 1.448 loading class com/android/dx/cf/attrib/AttSignature
Event: 1.448 loading class com/android/dx/cf/attrib/AttSignature done
Event: 1.450 loading class com/android/dx/cf/attrib/AttLocalVariableTypeTable
Event: 1.450 loading class com/android/dx/cf/attrib/AttLocalVariableTypeTable done
Event: 1.477 Thread 0x0000000017093800 Uncommon trap: trap_request=0xffffff65 fr.pc=0x00000000033b552c
Event: 1.477 Thread 0x0000000017093800 DEOPT PACKING pc=0x00000000033b552c sp=0x0000000017eae5c0
Event: 1.477 Thread 0x0000000017093800 DEOPT UNPACKING pc=0x00000000030d582a sp=0x0000000017eae548 mode 2


Dynamic libraries:
0x00007ff6fef60000 - 0x00007ff6fef97000 	C:\Program Files\Java\jdk1.8.0_101\bin\java.exe
0x00007ffdbab20000 - 0x00007ffdbacf1000 	C:\WINDOWS\SYSTEM32\ntdll.dll
0x00007ffdb8860000 - 0x00007ffdb890b000 	C:\WINDOWS\System32\KERNEL32.DLL
0x00007ffdb7370000 - 0x00007ffdb758d000 	C:\WINDOWS\System32\KERNELBASE.dll
0x00007ffdba790000 - 0x00007ffdba832000 	C:\WINDOWS\System32\ADVAPI32.dll
0x00007ffdb8d40000 - 0x00007ffdb8dde000 	C:\WINDOWS\System32\msvcrt.dll
0x00007ffdb8800000 - 0x00007ffdb8859000 	C:\WINDOWS\System32\sechost.dll
0x00007ffdb8600000 - 0x00007ffdb8721000 	C:\WINDOWS\System32\RPCRT4.dll
0x00007ffdba9b0000 - 0x00007ffdbab15000 	C:\WINDOWS\System32\USER32.dll
0x00007ffdb7010000 - 0x00007ffdb702e000 	C:\WINDOWS\System32\win32u.dll
0x00007ffdb8ca0000 - 0x00007ffdb8cd4000 	C:\WINDOWS\System32\GDI32.dll
0x00007ffdb7030000 - 0x00007ffdb71b2000 	C:\WINDOWS\System32\gdi32full.dll
0x00007ffdac360000 - 0x00007ffdac5da000 	C:\WINDOWS\WinSxS\amd64_microsoft.windows.common-controls_6595b64144ccf1df_6.0.14393.351_none_4213128bc687e6d3\COMCTL32.dll
0x00007ffdb8330000 - 0x00007ffdb85f7000 	C:\WINDOWS\System32\combase.dll
0x00007ffdb77d0000 - 0x00007ffdb78c5000 	C:\WINDOWS\System32\ucrtbase.dll
0x00007ffdb7760000 - 0x00007ffdb77ca000 	C:\WINDOWS\System32\bcryptPrimitives.dll
0x00007ffdb87d0000 - 0x00007ffdb87fe000 	C:\WINDOWS\System32\IMM32.DLL
0x0000000069ed0000 - 0x0000000069fa2000 	C:\Program Files\Java\jdk1.8.0_101\jre\bin\msvcr100.dll
0x0000000069630000 - 0x0000000069eca000 	C:\Program Files\Java\jdk1.8.0_101\jre\bin\server\jvm.dll
0x00007ffdb80b0000 - 0x00007ffdb80b8000 	C:\WINDOWS\System32\PSAPI.DLL
0x00007ffda1a10000 - 0x00007ffda1a19000 	C:\WINDOWS\SYSTEM32\WSOCK32.dll
0x00007ffdba720000 - 0x00007ffdba78a000 	C:\WINDOWS\System32\WS2_32.dll
0x00007ffdb5300000 - 0x00007ffdb5323000 	C:\WINDOWS\SYSTEM32\WINMM.dll
0x00007ffdb6030000 - 0x00007ffdb603a000 	C:\WINDOWS\SYSTEM32\VERSION.dll
0x00007ffdb52a0000 - 0x00007ffdb52cb000 	C:\WINDOWS\SYSTEM32\WINMMBASE.dll
0x00007ffdb78d0000 - 0x00007ffdb7912000 	C:\WINDOWS\System32\cfgmgr32.dll
0x0000000069620000 - 0x000000006962f000 	C:\Program Files\Java\jdk1.8.0_101\jre\bin\verify.dll
0x00000000695f0000 - 0x0000000069619000 	C:\Program Files\Java\jdk1.8.0_101\jre\bin\java.dll
0x00000000695d0000 - 0x00000000695e6000 	C:\Program Files\Java\jdk1.8.0_101\jre\bin\zip.dll
0x00007ffdb8de0000 - 0x00007ffdba2e9000 	C:\WINDOWS\System32\SHELL32.dll
0x00007ffdb79d0000 - 0x00007ffdb80aa000 	C:\WINDOWS\System32\windows.storage.dll
0x00007ffdb6fa0000 - 0x00007ffdb6fec000 	C:\WINDOWS\System32\powrprof.dll
0x00007ffdb8ce0000 - 0x00007ffdb8d32000 	C:\WINDOWS\System32\shlwapi.dll
0x00007ffdb6ff0000 - 0x00007ffdb6fff000 	C:\WINDOWS\System32\kernel.appcore.dll
0x00007ffdb7220000 - 0x00007ffdb72c9000 	C:\WINDOWS\System32\shcore.dll
0x00007ffdb6f80000 - 0x00007ffdb6f94000 	C:\WINDOWS\System32\profapi.dll

VM Arguments:
jvm_args: -Djava.awt.headless=true -Xmx1024M -Dfile.encoding=windows-1255 -Duser.country=US -Duser.language=en -Duser.variant 
java_command: com.android.dx.command.Main --dex --force-jumbo --num-threads=4 --multi-dex --output C:\Users\User\AndroidStudioProjects\Ex7\app\build\intermediates\transforms\dex\debug\folders\1000\10\com.android.support-appcompat-v7-24.2.0_6afe80b9464106947a650a2ffbfc81ce90626022 C:\Users\User\AndroidStudioProjects\Ex7\app\build\intermediates\exploded-aar\com.android.support\appcompat-v7\24.2.0\jars\classes.jar
java_class_path (initial): C:\Users\User\AppData\Local\Android\sdk\build-tools\24.0.2\lib\dx.jar
Launcher Type: SUN_STANDARD

Environment Variables:
JAVA_HOME=C:\Program Files\Java\jdk1.8.0_65
USERNAME=User
OS=Windows_NT
PROCESSOR_IDENTIFIER=Intel64 Family 6 Model 61 Stepping 4, GenuineIntel



---------------  S Y S T E M  ---------------

OS: Windows 10.0 , 64 bit Build 14393 (10.0.14393.0)

CPU:total 4 (2 cores per cpu, 2 threads per core) family 6 model 61 stepping 4, cmov, cx8, fxsr, mmx, sse, sse2, sse3, ssse3, sse4.1, sse4.2, popcnt, avx, avx2, aes, clmul, erms, 3dnowpref, lzcnt, ht, tsc, tscinvbit, bmi1, bmi2, adx

Memory: 4k page, physical 8277080k(1042768k free), swap 8277080k(5248k free)

vm_info: Java HotSpot(TM) 64-Bit Server VM (25.101-b13) for windows-amd64 JRE (1.8.0_101-b13), built on Jun 22 2016 01:21:29 by "java_re" with MS VC++ 10.0 (VS2010)

time: Tue Nov 01 17:17:20 2016
elapsed time: 1 seconds (0d 0h 0m 1s)

